<?xml version="1.0" encoding="UTF-8"?>
<!-- Generated by org.testng.reporters.JUnitReportReporter -->
<testsuite hostname="DESKTOP-LBF7783" failures="0" tests="2" name="org.testNg.test_annotations" time="0.040" errors="0" timestamp="2022-07-26T15:09:40 IST" skipped="0">
  <testcase classname="org.testNg.test_annotations" name="browser_launch" time="0.034"/>
  <system-out/>
  <testcase classname="org.testNg.test_annotations" name="url" time="0.006"/>
  <system-out/>
</testsuite> <!-- org.testNg.test_annotations -->
