<?xml version="1.0" encoding="UTF-8"?>
<!-- Generated by org.testng.reporters.JUnitReportReporter -->
<testsuite hostname="DESKTOP-LBF7783" failures="0" tests="3" name="org.testNg.Abc_class" time="0.026" errors="0" timestamp="2022-07-28T17:42:59 IST" skipped="0">
  <testcase classname="org.testNg.Abc_class" name="login" time="0.004"/>
  <system-out/>
  <testcase classname="org.testNg.Abc_class" name="login" time="0.004"/>
  <system-out/>
  <testcase classname="org.testNg.Abc_class" name="login" time="0.018"/>
  <system-out/>
</testsuite> <!-- org.testNg.Abc_class -->
