<?xml version="1.0" encoding="UTF-8"?>
<!-- Generated by org.testng.reporters.JUnitReportReporter -->
<testsuite hostname="DESKTOP-LBF7783" failures="0" tests="3" name="org.testNg.priority_testNG" time="0.108" errors="0" timestamp="2022-07-26T15:32:27 IST" skipped="0">
  <testcase classname="org.testNg.priority_testNG" name="studios" time="0.032"/>
  <system-out/>
  <testcase classname="org.testNg.priority_testNG" name="movie_name" time="0.013"/>
  <system-out/>
  <testcase classname="org.testNg.priority_testNG" name="post_credit" time="0.063"/>
  <system-out/>
</testsuite> <!-- org.testNg.priority_testNG -->
