<?xml version="1.0" encoding="UTF-8"?>
<!-- Generated by org.testng.reporters.JUnitReportReporter -->
<testsuite hostname="DESKTOP-LBF7783" failures="0" tests="1" name="org.testNg.Time_outs" time="26.113" errors="0" timestamp="2022-07-27T14:08:14 IST" skipped="0">
  <testcase classname="org.testNg.Time_outs" name="browser_la" time="26.113"/>
  <system-out/>
</testsuite> <!-- org.testNg.Time_outs -->
