<?xml version="1.0" encoding="UTF-8"?>
<!-- Generated by org.testng.reporters.JUnitReportReporter -->
<testsuite hostname="DESKTOP-LBF7783" failures="0" tests="1" name="org.testNg.Single_parameters" time="0.020" errors="0" timestamp="2022-07-28T17:28:46 IST" skipped="0">
  <testcase classname="org.testNg.Single_parameters" name="login" time="0.020"/>
  <system-out/>
</testsuite> <!-- org.testNg.Single_parameters -->
