<?xml version="1.0" encoding="UTF-8"?>
<!-- Generated by org.testng.reporters.JUnitReportReporter -->
<testsuite hostname="DESKTOP-LBF7783" failures="0" tests="1" name="org.testNg.adactin_pom_testng_runnerclass" time="42.179" errors="0" timestamp="2022-07-31T16:54:12 IST" skipped="0">
  <testcase classname="org.testNg.adactin_pom_testng_runnerclass" name="adactin_project" time="42.179"/>
  <system-out/>
</testsuite> <!-- org.testNg.adactin_pom_testng_runnerclass -->
