<?xml version="1.0" encoding="UTF-8"?>
<!-- Generated by org.testng.reporters.JUnitReportReporter -->
<testsuite hostname="DESKTOP-LBF7783" failures="0" tests="2" name="org.testNg.priority_incovation_testNG" time="0.051" errors="0" timestamp="2022-07-26T16:51:55 IST" skipped="0">
  <testcase classname="org.testNg.priority_incovation_testNG" name="studios" time="0.029"/>
  <system-out/>
  <testcase classname="org.testNg.priority_incovation_testNG" name="post_credit" time="0.022"/>
  <system-out/>
</testsuite> <!-- org.testNg.priority_incovation_testNG -->
