<?xml version="1.0" encoding="UTF-8"?>
<!-- Generated by org.testng.reporters.JUnitReportReporter -->
<testsuite hostname="DESKTOP-LBF7783" failures="0" tests="1" name="org.adactin.testNg.adactin_pom_runnerclass" time="41.064" errors="0" timestamp="2022-08-05T17:20:56 IST" skipped="0">
  <testcase classname="org.adactin.testNg.adactin_pom_runnerclass" name="Adactin_hotel" time="41.064"/>
  <system-out/>
</testsuite> <!-- org.adactin.testNg.adactin_pom_runnerclass -->
