<?xml version="1.0" encoding="UTF-8"?>
<!-- Generated by org.testng.reporters.JUnitReportReporter -->
<testsuite hostname="DESKTOP-LBF7783" failures="0" tests="1" name="org.testNg.Expected_exception" time="0.024" errors="0" timestamp="2022-07-27T14:02:26 IST" skipped="0">
  <testcase classname="org.testNg.Expected_exception" name="Number" time="0.024"/>
  <system-out/>
</testsuite> <!-- org.testNg.Expected_exception -->
