<?xml version="1.0" encoding="UTF-8"?>
<!-- Generated by org.testng.reporters.JUnitReportReporter -->
<testsuite hostname="DESKTOP-LBF7783" failures="0" tests="4" name="org.testNg.groups_demo" time="0.036" errors="0" timestamp="2022-07-27T16:50:25 IST" skipped="0">
  <testcase classname="org.testNg.groups_demo" name="samsung_s22" time="0.005"/>
  <system-out/>
  <testcase classname="org.testNg.groups_demo" name="iphone_12" time="0.025"/>
  <system-out/>
  <testcase classname="org.testNg.groups_demo" name="iphone_13" time="0.003"/>
  <system-out/>
  <testcase classname="org.testNg.groups_demo" name="samsungs21" time="0.003"/>
  <system-out/>
</testsuite> <!-- org.testNg.groups_demo -->
